

================================================================
== Vivado HLS Report for 'fma_top_accel'
================================================================
* Date:           Thu Sep 16 11:24:22 2021

* Version:        2018.2 (Build 2258646 on Thu Jun 14 20:25:20 MDT 2018)
* Project:        fma
* Solution:       solution1
* Product family: aartix7
* Target device:  xa7a12tcsg325-1q


================================================================
== Performance Estimates
================================================================
+ Timing (ns): 
    * Summary: 
    +--------+-------+----------+------------+
    |  Clock | Target| Estimated| Uncertainty|
    +--------+-------+----------+------------+
    |ap_clk  |  10.00|     7.177|        1.25|
    +--------+-------+----------+------------+

+ Latency (clock cycles): 
    * Summary: 
    +-------+-------+-------+-------+---------+
    |    Latency    |    Interval   | Pipeline|
    |  min  |  max  |  min  |  max  |   Type  |
    +-------+-------+-------+-------+---------+
    |  45858|  45858|  45858|  45858|   none  |
    +-------+-------+-------+-------+---------+

    + Detail: 
        * Instance: 
        +-----------------------------+-------------------+-------+-------+-------+-------+---------+
        |                             |                   |    Latency    |    Interval   | Pipeline|
        |           Instance          |       Module      |  min  |  max  |  min  |  max  |   Type  |
        +-----------------------------+-------------------+-------+-------+-------+-------+---------+
        |grp_fma_float_16_16_s_fu_16  |fma_float_16_16_s  |  45857|  45857|  45857|  45857|   none  |
        +-----------------------------+-------------------+-------+-------+-------+-------+---------+

        * Loop: 
        N/A



================================================================
== Utilization Estimates
================================================================
* Summary: 
+-----------------+---------+-------+-------+------+
|       Name      | BRAM_18K| DSP48E|   FF  |  LUT |
+-----------------+---------+-------+-------+------+
|DSP              |        -|      -|      -|     -|
|Expression       |        -|      -|      -|     -|
|FIFO             |        -|      -|      -|     -|
|Instance         |        -|      5|    539|   942|
|Memory           |        -|      -|      -|     -|
|Multiplexer      |        -|      -|      -|    15|
|Register         |        -|      -|      3|     -|
+-----------------+---------+-------+-------+------+
|Total            |        0|      5|    542|   957|
+-----------------+---------+-------+-------+------+
|Available        |       40|     40|  16000|  8000|
+-----------------+---------+-------+-------+------+
|Utilization (%)  |        0|     12|      3|    11|
+-----------------+---------+-------+-------+------+

+ Detail: 
    * Instance: 
    +-----------------------------+-------------------+---------+-------+-----+-----+
    |           Instance          |       Module      | BRAM_18K| DSP48E|  FF | LUT |
    +-----------------------------+-------------------+---------+-------+-----+-----+
    |grp_fma_float_16_16_s_fu_16  |fma_float_16_16_s  |        0|      5|  539|  942|
    +-----------------------------+-------------------+---------+-------+-----+-----+
    |Total                        |                   |        0|      5|  539|  942|
    +-----------------------------+-------------------+---------+-------+-----+-----+

    * DSP48: 
    N/A

    * Memory: 
    N/A

    * FIFO: 
    N/A

    * Expression: 
    N/A

    * Multiplexer: 
    +-----------+----+-----------+-----+-----------+
    |    Name   | LUT| Input Size| Bits| Total Bits|
    +-----------+----+-----------+-----+-----------+
    |ap_NS_fsm  |  15|          3|    1|          3|
    +-----------+----+-----------+-----+-----------+
    |Total      |  15|          3|    1|          3|
    +-----------+----+-----------+-----+-----------+

    * Register: 
    +------------------------------------------+---+----+-----+-----------+
    |                   Name                   | FF| LUT| Bits| Const Bits|
    +------------------------------------------+---+----+-----+-----------+
    |ap_CS_fsm                                 |  2|   0|    2|          0|
    |grp_fma_float_16_16_s_fu_16_ap_start_reg  |  1|   0|    1|          0|
    +------------------------------------------+---+----+-----+-----------+
    |Total                                     |  3|   0|    3|          0|
    +------------------------------------------+---+----+-----+-----------+



================================================================
== Interface
================================================================
* Summary: 
+--------------+-----+-----+------------+---------------+--------------+
|   RTL Ports  | Dir | Bits|  Protocol  | Source Object |    C Type    |
+--------------+-----+-----+------------+---------------+--------------+
|ap_clk        |  in |    1| ap_ctrl_hs | fma_top_accel | return value |
|ap_rst        |  in |    1| ap_ctrl_hs | fma_top_accel | return value |
|ap_start      |  in |    1| ap_ctrl_hs | fma_top_accel | return value |
|ap_done       | out |    1| ap_ctrl_hs | fma_top_accel | return value |
|ap_idle       | out |    1| ap_ctrl_hs | fma_top_accel | return value |
|ap_ready      | out |    1| ap_ctrl_hs | fma_top_accel | return value |
|a_address0    | out |    8|  ap_memory |       a       |     array    |
|a_ce0         | out |    1|  ap_memory |       a       |     array    |
|a_q0          |  in |   32|  ap_memory |       a       |     array    |
|b_address0    | out |    8|  ap_memory |       b       |     array    |
|b_ce0         | out |    1|  ap_memory |       b       |     array    |
|b_q0          |  in |   32|  ap_memory |       b       |     array    |
|c_address0    | out |    8|  ap_memory |       c       |     array    |
|c_ce0         | out |    1|  ap_memory |       c       |     array    |
|c_q0          |  in |   32|  ap_memory |       c       |     array    |
|res_address0  | out |    8|  ap_memory |      res      |     array    |
|res_ce0       | out |    1|  ap_memory |      res      |     array    |
|res_we0       | out |    1|  ap_memory |      res      |     array    |
|res_d0        | out |   32|  ap_memory |      res      |     array    |
+--------------+-----+-----+------------+---------------+--------------+

