

================================================================
== Vivado HLS Report for 'operations_top_accel'
================================================================
* Date:           Thu Sep 16 14:13:09 2021

* Version:        2018.2 (Build 2258646 on Thu Jun 14 20:25:20 MDT 2018)
* Project:        operations
* Solution:       12x12solution
* Product family: aartix7
* Target device:  xa7a12tcsg325-1q


================================================================
== Performance Estimates
================================================================
+ Timing (ns): 
    * Summary: 
    +--------+-------+----------+------------+
    |  Clock | Target| Estimated| Uncertainty|
    +--------+-------+----------+------------+
    |ap_clk  |  10.00|     7.177|        1.25|
    +--------+-------+----------+------------+

+ Latency (clock cycles): 
    * Summary: 
    +-----+-------+-----+-------+---------+
    |   Latency   |   Interval  | Pipeline|
    | min |  max  | min |  max  |   Type  |
    +-----+-------+-----+-------+---------+
    |    1|  20499|    1|  20499|   none  |
    +-----+-------+-----+-------+---------+

    + Detail: 
        * Instance: 
        +-------------------+--------+-------+-------+-------+-------+---------+
        |                   |        |    Latency    |    Interval   | Pipeline|
        |      Instance     | Module |  min  |  max  |  min  |  max  |   Type  |
        +-------------------+--------+-------+-------+-------+-------+---------+
        |grp_matmul_fu_136  |matmul  |  19321|  19321|  19321|  19321|   none  |
        +-------------------+--------+-------+-------+-------+-------+---------+

        * Loop: 
        +-------------+------+------+----------+-----------+-----------+------+----------+
        |             |   Latency   | Iteration|  Initiation Interval  | Trip |          |
        |  Loop Name  |  min |  max |  Latency |  achieved |   target  | Count| Pipelined|
        +-------------+------+------+----------+-----------+-----------+------+----------+
        |- Loop 1     |  1176|  1176|        98|          -|          -|    12|    no    |
        | + Loop 1.1  |    96|    96|         8|          -|          -|    12|    no    |
        |- Loop 2     |  1176|  1176|        98|          -|          -|    12|    no    |
        | + Loop 2.1  |    96|    96|         8|          -|          -|    12|    no    |
        +-------------+------+------+----------+-----------+-----------+------+----------+



================================================================
== Utilization Estimates
================================================================
* Summary: 
+-----------------+---------+-------+-------+------+
|       Name      | BRAM_18K| DSP48E|   FF  |  LUT |
+-----------------+---------+-------+-------+------+
|DSP              |        -|      -|      -|     -|
|Expression       |        -|      -|      0|   160|
|FIFO             |        -|      -|      -|     -|
|Instance         |        -|      7|    738|  1332|
|Memory           |        -|      -|      -|     -|
|Multiplexer      |        -|      -|      -|   257|
|Register         |        -|      -|    235|     -|
+-----------------+---------+-------+-------+------+
|Total            |        0|      7|    973|  1749|
+-----------------+---------+-------+-------+------+
|Available        |       40|     40|  16000|  8000|
+-----------------+---------+-------+-------+------+
|Utilization (%)  |        0|     17|      6|    21|
+-----------------+---------+-------+-------+------+

+ Detail: 
    * Instance: 
    +-------------------------+----------------------+---------+-------+-----+-----+
    |         Instance        |        Module        | BRAM_18K| DSP48E|  FF | LUT |
    +-------------------------+----------------------+---------+-------+-----+-----+
    |grp_matmul_fu_136        |matmul                |        0|      5|  533|  942|
    |operations_top_acbkb_U8  |operations_top_acbkb  |        0|      2|  205|  390|
    +-------------------------+----------------------+---------+-------+-----+-----+
    |Total                    |                      |        0|      7|  738| 1332|
    +-------------------------+----------------------+---------+-------+-----+-----+

    * DSP48: 
    N/A

    * Memory: 
    N/A

    * FIFO: 
    N/A

    * Expression: 
    +---------------------------------+----------+-------+---+----+------------+------------+
    |          Variable Name          | Operation| DSP48E| FF| LUT| Bitwidth P0| Bitwidth P1|
    +---------------------------------+----------+-------+---+----+------------+------------+
    |i_1_fu_167_p2                    |     +    |      0|  0|  13|           4|           1|
    |i_fu_236_p2                      |     +    |      0|  0|  13|           4|           1|
    |j_1_fu_209_p2                    |     +    |      0|  0|  13|           4|           1|
    |j_fu_278_p2                      |     +    |      0|  0|  13|           4|           1|
    |tmp_6_fu_288_p2                  |     +    |      0|  0|  16|           9|           9|
    |tmp_7_fu_219_p2                  |     +    |      0|  0|  16|           9|           9|
    |tmp_2_fu_266_p2                  |     -    |      0|  0|  16|           9|           9|
    |tmp_5_fu_197_p2                  |     -    |      0|  0|  16|           9|           9|
    |exitcond1_i_fu_230_p2            |   icmp   |      0|  0|   9|           4|           4|
    |exitcond1_i_i_fu_161_p2          |   icmp   |      0|  0|   9|           4|           4|
    |exitcond_i_fu_272_p2             |   icmp   |      0|  0|   9|           4|           4|
    |exitcond_i_i_fu_203_p2           |   icmp   |      0|  0|   9|           4|           4|
    |ap_block_state2_on_subcall_done  |    or    |      0|  0|   8|           1|           1|
    +---------------------------------+----------+-------+---+----+------------+------------+
    |Total                            |          |      0|  0| 160|          69|          57|
    +---------------------------------+----------+-------+---+----+------------+------------+

    * Multiplexer: 
    +---------------+-----+-----------+-----+-----------+
    |      Name     | LUT | Input Size| Bits| Total Bits|
    +---------------+-----+-----------+-----+-----------+
    |a_ce0          |    9|          2|    1|          2|
    |ap_NS_fsm      |  101|         21|    1|         21|
    |b_ce0          |    9|          2|    1|          2|
    |c_address0     |   15|          3|    8|         24|
    |grp_fu_146_p1  |   15|          3|   32|         96|
    |i_i_i_reg_92   |    9|          2|    4|          8|
    |i_i_reg_114    |    9|          2|    4|          8|
    |j_i_i_reg_103  |    9|          2|    4|          8|
    |j_i_reg_125    |    9|          2|    4|          8|
    |res_address0   |   27|          5|    8|         40|
    |res_ce0        |   15|          3|    1|          3|
    |res_d0         |   15|          3|   32|         96|
    |res_we0        |   15|          3|    1|          3|
    +---------------+-----+-----------+-----+-----------+
    |Total          |  257|         53|  101|        319|
    +---------------+-----+-----------+-----+-----------+

    * Register: 
    +--------------------------------+----+----+-----+-----------+
    |              Name              | FF | LUT| Bits| Const Bits|
    +--------------------------------+----+----+-----+-----------+
    |ap_CS_fsm                       |  20|   0|   20|          0|
    |grp_matmul_fu_136_ap_start_reg  |   1|   0|    1|          0|
    |i_1_reg_305                     |   4|   0|    4|          0|
    |i_i_i_reg_92                    |   4|   0|    4|          0|
    |i_i_reg_114                     |   4|   0|    4|          0|
    |i_reg_341                       |   4|   0|    4|          0|
    |j_1_reg_318                     |   4|   0|    4|          0|
    |j_i_i_reg_103                   |   4|   0|    4|          0|
    |j_i_reg_125                     |   4|   0|    4|          0|
    |j_reg_354                       |   4|   0|    4|          0|
    |reg_150                         |  32|   0|   32|          0|
    |reg_156                         |  32|   0|   32|          0|
    |res_addr_1_reg_328              |   8|   0|    8|          0|
    |res_load_reg_333                |  32|   0|   32|          0|
    |tmp_2_reg_346                   |   7|   0|    9|          2|
    |tmp_5_reg_310                   |   7|   0|    9|          2|
    |tmp_6_cast_reg_359              |  64|   0|   64|          0|
    +--------------------------------+----+----+-----+-----------+
    |Total                           | 235|   0|  239|          4|
    +--------------------------------+----+----+-----+-----------+



================================================================
== Interface
================================================================
* Summary: 
+--------------+-----+-----+------------+----------------------+--------------+
|   RTL Ports  | Dir | Bits|  Protocol  |     Source Object    |    C Type    |
+--------------+-----+-----+------------+----------------------+--------------+
|ap_clk        |  in |    1| ap_ctrl_hs | operations_top_accel | return value |
|ap_rst        |  in |    1| ap_ctrl_hs | operations_top_accel | return value |
|ap_start      |  in |    1| ap_ctrl_hs | operations_top_accel | return value |
|ap_done       | out |    1| ap_ctrl_hs | operations_top_accel | return value |
|ap_idle       | out |    1| ap_ctrl_hs | operations_top_accel | return value |
|ap_ready      | out |    1| ap_ctrl_hs | operations_top_accel | return value |
|selection     |  in |   32|   ap_none  |       selection      |    scalar    |
|a_address0    | out |    8|  ap_memory |           a          |     array    |
|a_ce0         | out |    1|  ap_memory |           a          |     array    |
|a_q0          |  in |   32|  ap_memory |           a          |     array    |
|b_address0    | out |    8|  ap_memory |           b          |     array    |
|b_ce0         | out |    1|  ap_memory |           b          |     array    |
|b_q0          |  in |   32|  ap_memory |           b          |     array    |
|c_address0    | out |    8|  ap_memory |           c          |     array    |
|c_ce0         | out |    1|  ap_memory |           c          |     array    |
|c_q0          |  in |   32|  ap_memory |           c          |     array    |
|res_address0  | out |    8|  ap_memory |          res         |     array    |
|res_ce0       | out |    1|  ap_memory |          res         |     array    |
|res_we0       | out |    1|  ap_memory |          res         |     array    |
|res_d0        | out |   32|  ap_memory |          res         |     array    |
|res_q0        |  in |   32|  ap_memory |          res         |     array    |
+--------------+-----+-----+------------+----------------------+--------------+

